Prepare postive samples
The picture has been already enough
 done
The number of postvie samples is 25000
Prepare negtive samples
The picture has been already enough
 done
The number of negtive samples is 25000
Prepare boot samples
 done
The number of boot samples is 2846
postive sample feature extraction done
negtive sample feature extaction done
***********************************
The minLeaf at this stage is 500
Iter 0: nPos=25000, nNeg=25000, The FAR of this tree is 96.532%
This DQT contains 23 nodes
FAR at 0 stage is 96.532%
25000 0.2 24133
***********************************
The minLeaf at this stage is 491
Iter 1: nPos=25000, nNeg=24133, The FAR of this tree is 89.1186%
This DQT contains 24 nodes
FAR at 1 stage is 86.028%
25000 0.2 21507
***********************************
The minLeaf at this stage is 463
Iter 2: nPos=24795, nNeg=21507, The FAR of this tree is 29.1347%
This DQT contains 27 nodes
FAR at 2 stage is 25.064%
25000 0.2 6266
***********************************
The minLeaf at this stage is 311
Iter 3: nPos=24970, nNeg=6172, The FAR of this tree is 34.4398%
This DQT contains 21 nodes
FAR at 3 stage is 8.632%
25000 0.2 2158


No enough negative samples. The AdaBoost learning terminates at iteration 3. nNegPass = 2158.
The adaboost training is finished at inner cycle.
Weak classifier 4 FAR: 0.08632
Bootstrap negtive samples
gird pic remains 2.846e+11
724 1226 404 546 642 812 580 1066 529 1383 606 576 1265 522 1171 764 1513 672 1518 487 981 555 902 749 590 
after gird 22842 / 22842
After bootstrap :22842
Test current model
***********************************
The minLeaf at this stage is 436
Iter 4: nPos=24852, nNeg=18715, The FAR of this tree is 65.9662%
This DQT contains 33 nodes
FAR at 4 stage is 5.6942%
25000 0.2 15068
***********************************
The minLeaf at this stage is 376
Iter 5: nPos=24331, nNeg=13233, The FAR of this tree is 63.7842%
This DQT contains 31 nodes
FAR at 5 stage is 3.632%
25000 0.2 9611
***********************************
The minLeaf at this stage is 316
Iter 6: nPos=22818, nNeg=8768, The FAR of this tree is 68.5465%
This DQT contains 27 nodes
FAR at 6 stage is 2.48961%
25000 0.2 6588
***********************************
The minLeaf at this stage is 269
Iter 7: nPos=20808, nNeg=6113, The FAR of this tree is 47.4954%
This DQT contains 35 nodes
FAR at 7 stage is 1.18245%
25000 0.2 3129


No enough negative samples. The AdaBoost learning terminates at iteration 7. nNegPass = 3129.
The adaboost training is finished at inner cycle.
Weak classifier 8 FAR: 0.0118245
Bootstrap negtive samples
gird pic remains 2.821e+11
180 78 246 56 83 52 31 492 143 232 197 86 116 164 137 324 203 187 104 77 64 66 155 192 130 1037 242 152 133 160 340 482 267 238 143 301 416 211 175 100 84 105 287 103 236 62 89 389 196 113 69 123 124 346 225 278 79 503 429 250 64 57 217 215 202 178 313 216 80 178 272 119 39 23 183 249 139 191 156 227 193 297 331 178 88 74 117 74 180 53 230 64 82 72 80 136 346 157 55 141 116 56 66 
after gird 21871 / 21871
After bootstrap :21871
Test current model
***********************************
The minLeaf at this stage is 384
Iter 8: nPos=18248, nNeg=20150, The FAR of this tree is 72.7905%
This DQT contains 34 nodes
FAR at 8 stage is 0.860711%
25000 0.2 15920
***********************************
The minLeaf at this stage is 315
Iter 9: nPos=16856, nNeg=14685, The FAR of this tree is 53.5364%
This DQT contains 35 nodes
FAR at 9 stage is 0.460794%
25000 0.2 8523
***********************************
The minLeaf at this stage is 236
Iter 10: nPos=15513, nNeg=8073, The FAR of this tree is 80.9809%
This DQT contains 29 nodes
FAR at 10 stage is 0.373155%
25000 0.2 6902
***********************************
The minLeaf at this stage is 207
Iter 11: nPos=14179, nNeg=6517, The FAR of this tree is 70.7766%
This DQT contains 38 nodes
FAR at 11 stage is 0.264106%
25000 0.2 4885


No enough negative samples. The AdaBoost learning terminates at iteration 11. nNegPass = 4885.
The adaboost training is finished at inner cycle.
Weak classifier 12 FAR: 0.00264106
Bootstrap negtive samples
gird pic remains 2.718e+11
4 30 4 130 27 39 15 52 27 80 45 31 29 9 9 42 26 5 53 1 11 19 8 12 27 134 74 46 155 53 45 36 15 25 16 27 10 13 73 32 91 80 25 12 68 7 12 90 91 22 61 41 77 18 28 29 31 11 35 32 36 97 18 15 19 59 40 94 34 21 30 19 97 16 58 53 21 42 55 36 18 91 14 136 53 47 33 48 29 79 11 11 71 26 76 37 84 106 34 18 8 30 90 35 188 19 31 27 15 23 44 24 31 44 17 5 2 7 26 48 22 58 55 38 18 176 29 12 6 37 31 19 28 50 25 30 33 37 19 18 41 16 10 33 45 29 32 23 69 26 28 70 31 26 70 13 34 12 8 37 19 122 21 18 22 100 18 73 162 21 10 56 93 54 23 17 85 60 27 33 9 17 33 17 23 20 73 11 30 19 27 11 25 53 69 22 46 17 17 13 13 6 65 47 29 19 20 54 71 73 49 102 30 18 43 43 12 50 18 18 44 15 26 22 32 10 47 38 28 13 62 14 55 22 69 25 65 28 16 21 54 33 15 33 19 35 15 31 24 25 56 32 35 34 24 41 22 39 91 36 4 59 18 41 26 46 13 49 16 19 41 43 22 21 6 14 14 66 53 99 67 11 4 23 12 19 15 55 13 27 47 94 15 30 41 27 10 40 51 14 83 23 18 17 8 61 34 27 72 20 58 39 10 10 61 36 14 37 39 4 36 14 27 15 26 21 26 85 19 8 27 59 42 29 78 31 22 23 17 21 16 3 23 27 21 12 34 130 14 27 66 50 28 26 77 69 75 107 34 28 36 19 23 42 14 24 38 42 18 35 20 46 136 17 37 133 50 10 89 19 9 91 12 18 37 18 21 132 14 29 134 16 10 21 48 44 30 31 22 27 39 30 20 43 
after gird 20115 / 20115
After bootstrap :20115
Test current model
***********************************
The minLeaf at this stage is 315
Iter 12: nPos=12743, nNeg=18801, The FAR of this tree is 86.264%
This DQT contains 41 nodes
FAR at 12 stage is 0.227829%
25000 0.2 17352
***********************************
The minLeaf at this stage is 277
Iter 13: nPos=11573, nNeg=16093, The FAR of this tree is 76.2506%
This DQT contains 37 nodes
FAR at 13 stage is 0.173721%
25000 0.2 13231
***********************************
The minLeaf at this stage is 230
Iter 14: nPos=10564, nNeg=12410, The FAR of this tree is 76.5324%
This DQT contains 33 nodes
FAR at 14 stage is 0.132953%
25000 0.2 10126
***********************************
The minLeaf at this stage is 194
Iter 15: nPos=9863, nNeg=9560, The FAR of this tree is 68.5661%
This DQT contains 38 nodes
FAR at 15 stage is 0.0911603%
25000 0.2 6943
***********************************
The minLeaf at this stage is 159
Iter 16: nPos=9224, nNeg=6631, The FAR of this tree is 61.5296%
This DQT contains 33 nodes
FAR at 16 stage is 0.0560906%
25000 0.2 4272


No enough negative samples. The AdaBoost learning terminates at iteration 16. nNegPass = 4272.
The adaboost training is finished at inner cycle.
Weak classifier 17 FAR: 0.000560906
Bootstrap negtive samples
gird pic remains 2.314e+11
0 14 0 5 0 5 5 15 27 5 8 3 5 11 0 3 5 12 12 22 10 2 62 1 6 10 21 11 8 9 20 9 8 2 5 4 2 5 3 3 43 8 3 0 5 10 8 11 5 2 34 11 0 1 15 14 12 8 11 21 5 4 5 7 44 4 2 17 3 12 8 14 7 5 13 4 20 10 4 11 2 9 5 1 3 3 3 8 4 2 3 5 2 18 23 4 6 11 2 12 1 37 3 23 2 6 12 18 13 2 7 6 5 13 7 5 16 32 5 2 25 7 5 25 20 8 12 7 11 23 10 1 10 5 13 3 8 8 3 1 4 11 4 2 3 6 4 3 5 2 6 4 6 9 7 1 21 6 12 21 4 10 11 14 7 11 5 15 22 11 6 3 4 15 7 3 10 5 4 1 26 3 9 2 2 9 12 2 8 10 10 3 3 10 2 9 9 3 12 20 3 15 4 12 12 16 2 7 13 1 6 6 28 2 5 8 8 17 9 17 8 1 4 11 3 4 4 4 20 17 8 5 5 2 9 0 50 7 5 2 34 3 11 11 2 4 3 17 20 12 5 1 6 1 2 4 2 7 10 2 22 6 1 3 39 2 12 9 7 12 4 5 2 8 0 2 3 46 22 9 9 4 26 8 6 6 7 13 9 8 9 12 7 2 1 8 6 7 8 6 7 10 5 11 2 7 27 5 5 4 9 11 23 10 4 4 16 11 10 12 9 6 9 8 1 13 12 11 11 0 3 3 7 11 2 3 4 2 10 1 3 2 5 7 2 27 8 8 10 13 4 37 5 5 4 3 5 5 2 1 3 11 1 13 6 2 76 10 7 9 17 8 4 7 18 12 11 4 3 0 0 7 7 13 13 6 22 4 2 13 24 19 6 3 4 8 10 2 19 6 1 19 12 18 5 7 11 6 4 5 10 6 3 7 28 6 17 4 9 3 2 11 1 1 22 4 2 5 18 6 53 2 7 2 6 5 5 5 3 9 19 28 13 4 12 6 5 5 22 1 3 3 9 4 17 3 8 16 16 2 2 1 5 3 7 19 31 0 11 6 9 14 2 7 4 10 5 6 16 7 2 8 9 5 13 5 2 22 20 3 9 8 15 21 9 2 14 3 7 3 11 7 4 4 5 6 8 24 2 11 11 10 10 27 8 6 3 15 9 4 21 4 22 13 3 2 0 2 6 20 4 11 1 15 3 8 3 11 10 1 5 12 8 6 9 3 1 0 4 34 0 4 6 1 5 14 4 0 1 11 5 28 3 6 20 17 16 12 35 4 2 6 23 13 31 10 4 2 15 6 4 5 11 18 7 6 5 3 13 7 42 7 25 5 2 6 10 4 11 21 10 7 4 33 6 3 4 1 33 5 7 2 16 6 7 6 17 11 13 1 1 6 8 14 15 7 29 6 2 14 8 14 6 10 7 10 5 3 2 0 3 10 5 2 5 2 8 2 4 3 19 12 8 6 20 5 12 1 9 11 11 6 8 4 18 7 4 35 1 7 22 3 6 14 15 12 18 6 2 10 7 8 1 10 12 8 6 8 11 2 11 8 10 8 8 10 42 5 7 3 19 3 9 3 0 1 3 30 21 5 2 10 6 23 4 11 16 19 10 15 16 6 8 4 18 18 9 4 2 5 1 8 24 9 4 8 8 8 3 25 12 7 13 11 8 12 5 7 2 7 11 13 3 3 21 5 7 4 10 6 14 13 1 8 3 9 3 3 13 17 1 5 5 2 2 5 10 8 32 4 6 3 22 20 8 6 2 17 3 1 8 3 16 7 3 12 3 6 6 2 19 17 27 16 3 6 13 11 12 5 6 14 5 5 13 8 2 6 6 8 4 7 12 4 19 11 3 17 2 6 8 8 16 43 18 0 17 11 2 13 20 11 5 1 6 22 10 6 2 6 1 17 5 9 19 5 8 1 3 5 11 8 6 3 9 5 3 3 36 10 16 11 1 8 6 8 11 1 14 14 8 9 8 5 34 8 16 0 5 6 13 7 10 11 10 6 14 3 12 4 7 5 7 16 3 3 4 7 1 17 8 4 13 4 22 34 7 16 20 5 5 59 5 3 4 34 14 9 5 10 3 15 1 10 12 5 4 11 3 13 23 0 5 14 10 2 14 8 5 6 20 3 10 41 28 13 9 36 57 2 6 9 1 9 7 3 5 3 20 23 5 27 14 3 18 17 15 11 18 16 7 19 4 22 9 6 6 9 12 7 8 3 2 18 2 4 5 8 6 2 10 7 3 7 4 11 21 2 8 18 6 19 19 8 3 5 4 44 4 11 10 2 6 18 5 15 6 23 10 2 7 3 19 2 3 12 2 6 24 6 4 2 4 20 4 6 4 20 8 7 6 2 6 23 2 13 7 5 1 0 0 9 3 11 10 2 28 5 21 15 15 20 3 5 4 1 13 13 8 9 9 21 6 6 6 0 6 1 11 5 2 7 4 3 11 3 1 7 12 23 9 4 5 13 3 16 13 4 0 11 15 0 9 7 13 8 13 7 3 10 12 9 5 2 1 15 5 5 13 13 11 4 6 4 5 8 26 6 5 0 0 6 1 11 3 1 16 5 3 6 28 12 8 4 3 13 3 10 6 3 2 1 8 4 1 12 0 6 12 18 8 22 12 23 2 0 5 7 7 30 3 13 4 5 2 3 8 4 23 2 5 16 4 20 9 1 17 2 10 6 14 2 9 1 8 6 2 3 11 18 10 1 8 0 20 1 4 12 14 10 1 20 2 7 9 14 9 7 4 10 7 5 8 5 2 4 7 19 5 6 26 12 8 13 5 9 2 5 16 8 4 1 3 13 12 8 2 1 0 14 14 4 10 7 43 7 8 7 8 8 5 2 13 4 13 6 9 5 3 1 17 5 27 4 1 6 4 12 1 12 11 10 8 18 4 5 8 3 16 3 13 9 21 5 0 8 7 2 11 10 17 5 23 6 20 11 2 13 7 12 10 14 14 8 7 10 14 8 14 10 9 5 6 0 0 2 2 7 8 8 11 15 0 6 19 0 19 3 4 17 11 6 4 4 1 5 7 2 33 11 5 41 16 16 2 10 1 1 2 6 2 2 3 1 4 5 9 20 13 17 18 13 2 44 9 10 7 20 8 5 5 3 14 2 6 16 11 6 3 4 11 3 6 4 5 8 5 3 4 5 1 12 26 9 0 0 7 2 4 5 2 6 15 9 0 3 10 32 13 18 25 32 4 1 15 4 11 13 10 8 6 4 17 20 8 13 8 16 8 12 1 24 5 9 2 19 16 0 3 1 1 7 36 17 3 6 8 35 17 14 8 0 12 7 16 28 2 21 20 2 10 3 2 9 8 11 8 10 16 9 12 6 7 8 10 2 9 2 1 8 11 5 3 3 5 5 6 5 2 7 4 17 4 5 0 8 12 4 0 26 2 2 11 5 21 0 3 3 2 1 1 13 43 2 3 6 2 0 8 3 8 10 14 3 7 19 2 8 14 6 9 5 6 9 8 6 7 7 5 3 16 4 3 3 7 2 22 13 1 8 3 6 8 8 10 7 6 4 5 8 7 0 15 3 6 2 8 4 11 16 11 3 6 8 2 2 14 4 19 25 5 22 8 10 7 6 8 5 8 14 18 12 13 11 3 11 4 17 40 7 9 15 4 1 1 10 5 12 2 2 12 9 15 6 7 5 4 11 11 8 4 18 2 15 17 7 6 10 5 12 19 24 31 4 1 11 25 2 7 19 7 0 0 13 6 1 4 14 4 11 6 4 2 4 3 10 3 5 4 1 6 3 2 7 19 6 28 4 10 4 6 6 9 13 0 10 9 7 13 3 8 3 6 12 41 12 7 15 6 12 11 1 3 3 7 9 9 10 13 4 2 13 6 9 20 2 13 26 8 6 0 4 3 8 51 18 11 6 2 1 29 12 11 3 8 2 5 10 14 7 6 29 2 24 35 4 4 4 10 12 1 17 12 0 3 13 9 0 25 3 14 5 3 10 4 4 10 14 21 10 7 13 11 13 16 6 6 13 1 14 3 39 3 16 6 4 8 9 3 12 8 12 6 1 0 3 11 9 4 11 2 7 11 9 3 2 1 6 16 8 3 10 19 15 25 
after gird 20728 / 20728
After bootstrap :20728
Test current model
***********************************
The minLeaf at this stage is 283
Iter 17: nPos=8588, nNeg=19743, The FAR of this tree is 63.0645%
This DQT contains 44 nodes
FAR at 17 stage is 0.0353732%
25000 0.2 13072
***********************************
The minLeaf at this stage is 209
Iter 18: nPos=8338, nNeg=12529, The FAR of this tree is 54.2534%
This DQT contains 37 nodes
FAR at 18 stage is 0.0191912%
25000 0.2 7092
***********************************
The minLeaf at this stage is 151
Iter 19: nPos=8183, nNeg=6873, The FAR of this tree is 56.8246%
This DQT contains 42 nodes
FAR at 19 stage is 0.0109053%
25000 0.2 4030


No enough negative samples. The AdaBoost learning terminates at iteration 19. nNegPass = 4030.
The adaboost training is finished at inner cycle.
Weak classifier 20 FAR: 0.000109053
Bootstrap negtive samples
gird pic remains 4.89001e+10
1 0 2 1 2 2 12 3 2 2 9 5 5 3 0 4 0 0 0 2 7 0 0 2 5 0 4 2 3 1 0 2 2 0 0 4 1 0 13 1 1 4 0 2 1 0 1 4 4 0 0 0 3 2 2 3 3 1 5 2 0 1 2 3 1 2 9 0 3 0 2 0 5 1 0 4 1 0 3 0 3 2 0 0 0 1 0 0 1 2 0 1 2 3 4 8 2 2 0 2 1 4 1 0 0 1 1 0 0 2 16 1 1 1 6 0 2 1 3 1 3 2 3 1 0 0 1 1 2 7 4 1 2 0 3 0 8 3 0 4 1 1 0 3 1 2 1 0 3 5 4 2 3 1 4 1 0 4 3 5 3 3 1 1 1 0 0 0 0 7 5 2 0 5 1 6 1 0 0 3 2 1 7 0 2 3 2 4 0 0 0 1 3 0 3 2 1 1 1 0 4 2 0 1 0 1 0 0 1 1 1 1 0 0 1 3 0 0 4 3 2 2 0 0 0 2 0 5 2 5 1 1 2 1 1 7 2 0 1 2 0 2 2 0 4 1 0 0 4 1 2 0 5 1 5 0 3 5 2 0 1 4 1 3 6 3 1 1 3 1 0 1 0 0 1 1 1 2 2 3 0 4 0 1 3 1 1 1 1 1 4 4 4 2 4 0 1 2 1 0 1 2 2 2 0 0 4 2 0 1 3 3 0 4 1 3 1 1 3 0 1 8 9 4 1 0 7 2 1 0 4 3 0 3 2 2 1 4 4 1 12 9 1 1 2 1 0 2 2 2 4 3 1 2 0 1 0 0 2 0 1 5 1 2 0 1 1 12 6 3 2 1 1 0 0 4 1 4 5 2 0 3 2 7 1 0 1 4 5 7 1 0 1 1 1 0 1 2 0 0 4 6 0 0 0 0 2 0 2 1 0 0 0 0 5 0 3 0 2 0 2 1 0 4 3 0 5 1 2 2 0 1 0 13 3 0 2 1 2 3 0 1 6 1 2 5 5 1 4 7 0 4 4 3 3 7 12 0 0 7 7 4 1 0 9 3 2 2 3 1 1 1 2 2 2 5 5 6 0 0 0 2 8 1 0 1 2 2 0 0 0 2 0 0 0 0 6 0 0 0 0 0 0 0 0 0 0 0 0 0 0 0 0 2 1 1 1 2 3 0 0 1 5 1 4 0 0 5 0 1 1 2 1 0 2 0 1 0 1 0 1 1 2 0 1 0 1 3 0 1 0 0 2 0 6 2 1 3 3 3 0 2 7 2 2 2 0 1 1 0 6 1 0 1 0 2 2 9 1 6 4 2 4 0 4 0 5 9 0 1 6 1 1 0 0 2 4 5 0 1 1 3 2 0 6 3 3 1 3 4 3 7 5 4 1 11 3 0 1 1 0 5 2 2 1 2 0 0 1 5 1 3 3 0 1 3 2 7 0 16 5 5 0 0 1 1 0 2 0 1 2 3 1 1 2 4 3 3 6 0 1 0 0 2 2 1 0 2 0 0 0 3 0 19 3 2 3 1 2 4 9 0 4 2 2 0 13 0 1 1 4 0 2 1 0 1 4 0 1 1 2 0 12 0 0 1 0 0 1 1 6 8 0 5 1 1 3 1 0 0 1 1 1 1 2 1 1 11 0 1 0 2 1 13 4 12 1 0 0 2 5 10 11 2 2 0 1 7 1 2 1 7 0 2 8 4 1 10 8 1 2 0 3 9 2 0 4 1 2 0 8 1 1 10 0 0 1 0 1 1 1 0 9 2 1 11 0 0 7 10 3 0 1 2 1 10 1 7 2 8 1 1 9 2 4 2 8 1 1 2 1 5 2 2 6 8 1 2 8 9 0 0 2 1 1 0 10 1 5 0 8 1 1 1 0 8 9 5 1 1 1 2 2 8 1 8 0 1 1 1 6 6 0 3 4 0 0 0 0 1 5 2 0 1 9 0 2 3 0 2 5 5 0 7 8 1 7 1 10 4 8 8 1 0 7 0 1 3 1 1 3 2 0 4 0 5 0 1 0 6 1 4 0 1 3 5 3 0 1 1 6 4 0 1 0 1 0 0 0 4 3 6 2 7 2 0 0 3 1 0 9 2 3 8 0 6 4 1 8 5 9 8 1 5 1 1 4 0 3 6 2 9 3 1 1 2 0 0 5 0 1 6 6 8 1 6 1 6 5 4 6 5 2 5 9 6 0 1 5 1 0 6 3 4 2 2 0 5 6 4 1 7 0 0 1 2 8 3 1 4 0 4 4 0 0 5 0 7 1 6 0 0 7 4 3 2 9 3 2 5 2 1 1 1 4 3 5 0 2 6 1 6 4 4 3 4 7 4 5 1 3 5 3 6 0 1 4 4 2 3 5 5 4 5 4 7 4 5 5 2 2 1 6 5 1 6 6 1 7 5 0 0 2 3 1 2 1 1 5 3 5 1 0 5 0 4 9 0 5 1 5 3 1 3 1 5 4 5 9 0 3 2 0 10 4 3 4 5 4 5 7 2 0 3 6 1 0 1 8 0 3 1 1 6 5 2 4 0 1 1 2 1 1 1 4 0 1 5 3 6 6 0 1 0 0 5 4 3 3 3 0 1 6 1 4 1 1 4 2 3 3 4 2 2 2 5 4 4 8 0 0 4 11 4 2 0 0 5 4 1 3 2 6 2 5 6 0 2 4 3 0 5 0 0 5 0 0 3 7 5 3 5 4 6 7 5 6 3 1 4 4 3 5 4 3 2 5 5 0 4 1 3 2 1 2 2 1 6 0 4 4 2 3 1 1 0 3 2 0 5 5 4 2 6 4 0 4 4 3 3 4 1 2 0 1 1 1 3 1 9 1 0 1 3 0 2 5 2 4 1 3 2 2 3 2 5 8 4 0 2 0 0 2 3 2 0 1 1 1 4 2 2 5 5 3 0 4 2 5 2 3 1 1 1 3 3 6 1 0 0 6 1 6 1 2 4 0 5 0 3 2 6 5 5 1 3 2 3 1 0 1 1 2 0 4 1 2 4 1 3 3 2 2 3 1 3 3 4 2 3 2 0 2 2 1 4 4 1 0 4 0 0 4 3 3 3 4 3 1 0 3 2 3 2 4 1 1 4 3 2 5 2 0 4 0 0 5 2 2 0 0 2 2 3 2 1 3 1 2 3 0 2 6 0 3 2 4 1 1 0 0 3 2 3 2 3 4 2 5 6 1 3 5 1 4 3 3 2 6 1 5 4 3 4 0 0 3 1 0 2 2 2 2 3 2 0 1 4 5 2 6 2 2 4 1 1 2 3 4 4 1 1 2 0 2 3 4 2 0 2 1 2 4 5 3 3 1 2 3 2 2 1 3 2 2 2 2 3 3 2 2 3 3 0 1 4 3 2 1 0 3 2 3 3 3 1 2 5 4 1 3 1 3 0 5 4 0 2 0 1 1 2 1 1 2 4 2 2 1 1 5 1 0 1 0 3 0 1 0 1 0 6 2 0 1 0 1 2 2 4 3 3 2 7 1 2 1 1 0 1 3 0 1 1 4 2 2 1 0 3 3 2 1 2 2 2 2 3 2 1 0 2 1 2 3 4 3 2 1 1 3 2 1 1 2 5 2 1 1 3 3 2 2 2 0 3 3 3 1 4 3 0 5 1 1 1 2 1 3 2 2 4 2 2 3 3 3 0 1 2 2 0 1 1 2 1 0 2 1 3 2 1 0 0 3 1 1 2 1 0 2 1 1 1 3 4 0 4 3 2 0 4 2 2 3 2 4 1 4 3 3 1 0 3 1 3 0 5 1 1 1 1 2 2 1 0 1 1 2 3 2 1 2 1 0 3 3 3 2 0 1 0 2 0 0 3 0 3 3 0 3 2 0 1 3 0 0 0 3 2 1 2 1 3 1 1 4 0 1 1 1 2 4 0 1 1 2 4 1 1 0 2 1 1 5 1 0 1 1 2 0 3 2 0 2 1 1 0 1 4 3 2 1 3 3 2 2 4 2 2 1 2 0 1 4 2 3 1 1 4 1 0 2 1 0 2 0 1 2 4 2 1 1 2 1 4 3 3 2 1 1 3 0 1 1 0 0 1 0 0 0 1 2 2 2 0 2 0 1 1 1 0 2 0 2 0 1 1 1 2 3 2 1 1 2 3 1 1 1 2 0 0 1 1 2 1 1 0 2 0 2 2 5 1 1 1 2 2 5 0 0 1 2 1 2 0 2 0 1 2 2 2 0 2 0 1 1 3 2 2 0 1 2 2 2 2 1 0 1 0 0 2 3 1 1 2 0 2 4 0 1 3 1 1 1 2 3 1 3 3 2 1 0 0 0 2 0 2 1 2 0 1 3 3 3 1 1 1 1 2 1 3 1 1 1 1 0 0 2 2 0 2 3 1 1 3 3 1 0 2 1 2 1 2 1 1 1 1 1 0 2 1 1 2 0 1 2 2 3 0 1 1 1 1 0 2 0 1 2 0 1 0 1 2 2 0 2 0 1 1 2 3 0 1 4 3 2 1 0 2 2 1 1 0 1 1 0 0 1 0 1 3 0 1 3 2 0 1 2 1 0 1 1 1 2 1 2 2 3 0 1 0 2 1 0 2 1 2 0 2 2 1 1 0 2 2 0 0 1 0 2 2 3 1 2 0 3 0 2 3 0 1 2 2 2 0 2 1 1 2 3 1 3 2 3 1 1 1 0 1 0 3 2 2 1 4 2 1 2 2 3 0 1 0 0 2 2 1 0 2 0 2 3 1 1 1 1 0 1 1 1 1 0 2 1 0 0 0 0 0 1 1 0 2 2 1 0 1 2 1 1 1 0 0 0 1 1 3 2 0 0 0 0 0 0 1 1 2 1 1 1 1 0 1 0 1 2 1 1 2 0 2 1 0 2 2 3 1 1 0 0 1 2 0 2 2 1 1 0 0 2 0 3 2 2 1 0 1 0 3 1 0 1 1 1 1 2 1 1 3 1 1 2 1 0 1 1 2 1 0 2 1 1 0 0 3 3 1 0 3 0 2 1 1 2 1 1 4 1 0 0 1 1 2 1 1 2 1 1 2 1 0 3 2 1 0 0 0 1 1 0 0 0 2 0 3 1 0 2 1 0 0 2 1 1 0 0 1 0 1 0 1 0 3 0 2 1 2 0 2 2 0 1 2 0 1 0 1 1 1 0 1 0 1 1 2 0 0 1 1 0 1 1 0 1 0 1 1 0 0 1 2 0 1 0 1 1 1 0 1 1 0 1 2 1 0 1 0 1 1 0 0 0 0 1 0 2 0 2 2 0 2 1 0 0 1 0 1 1 2 2 0 3 1 0 0 1 0 2 1 1 2 0 0 1 0 0 1 2 1 0 2 0 1 0 1 1 0 2 1 1 1 1 2 1 0 0 0 0 2 1 3 3 1 0 0 0 0 1 0 1 1 1 0 2 1 0 1 0 0 0 0 0 0 0 1 2 0 1 0 0 1 0 1 1 2 0 0 0 1 1 0 2 2 0 0 0 1 0 1 1 2 0 0 1 0 1 2 1 1 0 0 0 0 0 1 0 1 1 1 0 0 0 0 1 0 0 1 1 0 0 1 0 1 1 1 0 1 1 0 1 1 1 1 0 0 2 0 2 1 0 2 0 0 0 1 0 0 2 0 0 1 1 0 2 1 0 2 0 0 0 0 0 1 0 0 1 0 0 1 1 0 1 1 0 1 1 0 0 1 0 0 0 1 0 0 0 0 0 0 0 1 0 1 2 1 1 0 1 0 0 2 0 1 2 1 2 0 1 0 0 0 2 0 0 0 0 0 0 0 0 0 1 1 1 0 0 0 0 1 0 0 0 0 0 1 0 0 1 1 0 2 0 0 0 0 0 0 0 0 0 0 1 0 0 1 0 0 0 1 0 1 1 1 1 0 1 0 0 0 0 1 0 1 1 1 1 0 0 1 0 0 0 0 0 1 1 1 2 0 0 0 1 0 0 1 1 0 0 1 0 0 1 0 0 0 0 1 1 1 1 0 0 0 0 0 1 0 0 0 0 0 0 0 0 0 0 0 0 0 1 1 0 1 0 1 0 2 0 1 0 0 0 0 0 0 0 0 0 0 0 0 0 1 0 0 0 0 0 0 1 1 0 1 0 0 0 0 0 0 0 0 0 0 0 0 0 0 0 0 0 0 0 1 0 0 0 0 0 0 0 0 1 0 0 0 0 0 0 1 0 0 1 0 0 0 1 1 0 0 0 0 0 0 0 0 0 0 0 0 0 0 1 0 0 1 0 0 0 0 0 0 0 1 0 0 0 1 0 0 1 0 
after gird 9080 / 20970
slide pic remains 2.846e+11
23 128 6 18 14 32 16 20 24 166 85 17 51 9 38 39 98 39 42 24 60 27 98 55 41 27 101 49 102 61 23 128 19 15 110 6 6 219 40 57 49 23 36 67 35 84 160 85 26 14 29 21 63 16 22 168 157 38 27 31 37 103 196 131 8 253 262 129 175 83 38 18 20 9 92 58 32 64 36 58 9 8 59 71 52 77 59 69 84 13 187 99 224 27 64 42 17 7 34 20 41 205 91 28 128 113 50 29 57 3 243 55 39 19 66 38 119 69 21 94 11 28 32 65 34 321 79 15 49 10 7 28 3 38 84 39 11 128 28 32 38 382 80 100 34 24 147 367 135 96 82 133 125 84 79 36 73 14 75 42 268 58 9 27 12 8 61 110 5 80 3 13 36 51 58 93 
after slide 20970 / 20970
After bootstrap :20970
Test current model
***********************************
The minLeaf at this stage is 283
Iter 20: nPos=7968, nNeg=20381, The FAR of this tree is 65.7511%
This DQT contains 45 nodes
FAR at 20 stage is 0.00717035%
25000 0.2 13788
***********************************
The minLeaf at this stage is 211
Iter 21: nPos=7695, nNeg=13431, The FAR of this tree is 78.4088%
This DQT contains 36 nodes
FAR at 21 stage is 0.00562218%
25000 0.2 10811
***********************************
The minLeaf at this stage is 181
Iter 22: nPos=7563, nNeg=10532, The FAR of this tree is 76.9864%
This DQT contains 38 nodes
FAR at 22 stage is 0.00432832%
25000 0.2 8323
***********************************
The minLeaf at this stage is 155
Iter 23: nPos=7336, nNeg=8117, The FAR of this tree is 78.1329%
This DQT contains 40 nodes
FAR at 23 stage is 0.00338184%
25000 0.2 6503
***********************************
The minLeaf at this stage is 137
Iter 24: nPos=7313, nNeg=6349, The FAR of this tree is 74.581%
This DQT contains 37 nodes
FAR at 24 stage is 0.00252221%
25000 0.2 4850


No enough negative samples. The AdaBoost learning terminates at iteration 24. nNegPass = 4850.
The adaboost training is finished at inner cycle.
Weak classifier 25 FAR: 2.52221e-05
Bootstrap negtive samples
gird pic remains 5050
Not enought GridNums

after gird 4850 / 20150
slide pic remains 2.67e+11
35 3 17 16 3 18 34 44 22 2 2 7 25 41 22 36 20 6 13 35 21 8 12 59 18 10 9 35 7 28 97 3 16 10 11 12 5 21 8 13 10 20 7 5 18 54 14 2 10 20 66 16 7 21 11 1 3 4 26 24 11 9 41 38 9 40 9 68 13 9 18 5 4 39 26 6 20 17 64 8 4 13 12 6 10 3 8 2 7 23 67 24 15 17 8 3 9 17 32 24 3 2 1 1 9 17 11 21 1 8 58 15 3 14 32 3 20 9 22 28 43 9 14 8 5 4 22 44 16 5 3 11 46 21 136 8 6 20 11 37 17 18 51 6 12 10 0 18 7 31 22 17 6 60 9 7 33 5 23 7 85 4 0 60 5 33 40 15 6 10 25 2 27 6 12 9 16 9 9 10 4 8 26 15 10 18 7 27 35 3 16 26 20 30 40 13 7 50 34 9 10 9 29 22 18 13 5 3 6 45 21 17 6 12 40 5 34 14 19 6 5 22 9 14 18 25 11 15 1 17 35 17 15 18 31 8 8 9 9 9 22 4 5 27 3 9 12 5 10 13 12 3 11 10 4 5 5 1 7 13 5 6 18 24 12 17 40 9 1 1 9 17 2 9 20 16 11 5 5 5 14 55 21 12 14 11 10 17 11 20 30 10 8 3 5 5 34 18 0 7 38 18 35 37 18 20 7 8 12 1 1 32 7 8 8 32 11 5 9 4 5 5 4 39 17 15 2 9 21 15 19 29 11 20 9 4 8 13 6 79 24 10 13 19 12 11 37 18 24 69 30 4 97 47 6 6 14 4 16 6 19 12 26 19 7 2 78 9 4 15 10 8 19 17 16 16 40 25 20 13 8 10 9 45 14 3 14 31 18 11 9 18 16 10 52 4 22 13 7 4 75 4 14 2 12 14 7 9 7 97 3 25 22 22 15 10 39 40 4 35 11 1 4 14 30 2 5 9 11 20 21 13 0 1 28 4 14 35 10 6 12 3 5 5 3 37 33 49 28 84 12 29 19 14 29 25 40 22 4 37 1 73 12 6 6 10 8 23 71 4 0 24 15 9 33 17 26 45 16 9 17 74 35 25 1 4 3 16 4 5 75 9 12 26 17 6 19 20 12 9 20 36 34 26 11 1 3 16 17 4 10 14 11 21 39 10 7 21 30 10 4 4 5 4 10 8 24 19 48 9 41 1 14 14 53 15 3 15 24 4 11 7 19 36 6 85 18 0 1 24 6 12 6 3 2 5 16 35 6 142 4 29 20 15 15 21 11 3 48 10 32 8 35 11 11 199 10 45 7 3 5 7 9 10 8 21 10 15 14 10 31 26 5 45 30 9 10 15 36 18 1 8 0 6 14 3 13 12 23 30 15 4 13 16 8 13 55 3 20 54 6 2 8 10 11 8 13 76 24 11 10 27 10 2 23 34 4 3 15 9 9 81 21 7 29 106 12 5 2 12 3 58 46 8 5 29 13 34 5 10 22 4 4 12 26 12 8 4 6 8 9 73 46 31 15 32 5 12 8 16 3 7 44 17 6 8 103 20 9 42 10 7 26 7 30 5 1 19 63 23 10 12 18 12 3 8 11 28 8 29 2 14 51 11 4 6 10 4 1 8 13 59 3 5 10 13 17 19 14 10 34 7 15 47 0 16 8 52 11 23 18 15 37 7 16 50 13 9 12 0 27 4 14 20 97 6 11 11 2 10 3 13 77 20 26 13 8 28 2 1 18 6 21 30 26 16 15 3 34 11 5 9 6 20 16 59 64 9 7 14 3 11 25 18 17 11 4 40 8 28 4 25 56 16 9 40 3 50 16 6 55 5 10 13 71 3 11 76 10 11 3 12 43 19 12 7 2 48 29 45 3 11 35 
after slide 20150 / 20150
After bootstrap :20150
Test current model
***********************************
The minLeaf at this stage is 269
Iter 25: nPos=7160, nNeg=19709, The FAR of this tree is 73.8462%
This DQT contains 37 nodes
FAR at 25 stage is 0.00186255%
25000 0.2 14880
***********************************
The minLeaf at this stage is 217
Iter 26: nPos=7054, nNeg=14601, The FAR of this tree is 71.5457%
This DQT contains 43 nodes
FAR at 26 stage is 0.00133258%
25000 0.2 10646
***********************************
The minLeaf at this stage is 175
Iter 27: nPos=7015, nNeg=10479, The FAR of this tree is 67.8001%
This DQT contains 41 nodes
FAR at 27 stage is 0.000903489%
25000 0.2 7218
***********************************
The minLeaf at this stage is 141
Iter 28: nPos=7001, nNeg=7127, The FAR of this tree is 78.0687%
This DQT contains 44 nodes
FAR at 28 stage is 0.000705342%
25000 0.2 5635
***********************************
The minLeaf at this stage is 125
Iter 29: nPos=6937, nNeg=5566, The FAR of this tree is 77.9059%
This DQT contains 35 nodes
FAR at 29 stage is 0.000549503%
25000 0.2 4390


No enough negative samples. The AdaBoost learning terminates at iteration 29. nNegPass = 4390.
The adaboost training is finished at inner cycle.
Weak classifier 30 FAR: 5.49503e-06
Bootstrap negtive samples
gird pic remains 5050
Not enought GridNums

after gird 4390 / 20610
slide pic remains 1.837e+11
1 1 3 7 1 10 1 6 1 9 4 4 9 12 6 0 3 3 8 7 13 4 9 4 1 2 2 4 2 3 14 15 1 3 2 3 3 1 0 1 1 7 0 1 12 5 2 10 9 2 0 5 3 3 4 1 1 5 1 1 1 4 16 1 4 2 4 2 7 9 6 15 2 52 8 0 7 4 7 2 4 3 8 2 6 16 5 1 3 4 2 0 1 13 0 0 2 1 3 10 12 2 0 1 0 6 3 6 4 7 12 17 8 4 4 28 6 5 1 9 1 31 1 3 7 15 0 8 0 5 5 3 12 0 4 16 10 2 3 13 1 1 1 5 7 5 4 5 6 0 5 2 4 3 2 17 3 2 2 0 0 0 6 1 2 2 0 5 5 1 2 2 8 8 0 2 6 6 2 0 0 3 0 0 2 0 0 1 0 12 1 15 5 3 25 3 5 4 1 3 7 3 2 0 4 2 1 2 5 6 8 6 2 14 1 8 8 6 2 4 2 0 3 1 0 3 4 4 4 3 3 1 1 3 5 17 10 5 1 13 1 0 2 2 0 2 0 26 13 33 2 2 4 1 2 11 27 3 21 22 3 0 3 4 2 3 1 0 45 5 1 0 6 0 1 1 6 0 5 4 46 3 7 18 6 3 1 1 1 8 2 11 1 3 3 11 7 2 4 1 2 30 4 3 20 4 6 1 2 5 1 2 2 2 14 0 1 3 5 4 1 6 0 2 3 5 0 4 0 9 0 4 3 8 1 1 1 3 11 0 8 0 4 10 5 8 0 4 10 13 19 2 2 6 6 6 38 2 1 1 2 7 2 0 3 1 7 6 2 1 4 4 7 1 7 2 3 7 7 0 2 63 26 1 2 4 6 3 5 5 0 5 2 3 2 1 3 7 2 0 17 1 8 11 8 1 4 0 4 2 1 3 6 1 12 3 6 20 3 1 0 23 20 4 10 35 4 22 14 2 4 11 1 1 1 4 6 0 0 0 3 2 10 9 8 5 1 2 8 18 6 0 18 16 40 3 0 4 2 0 2 12 2 8 4 7 6 4 16 14 5 4 1 1 1 1 7 4 5 12 13 2 2 4 6 5 3 2 1 1 9 1 1 4 13 7 8 2 2 5 16 0 3 3 4 0 4 4 8 10 11 7 2 3 4 0 0 7 1 5 4 2 2 2 9 1 3 6 3 1 2 2 2 3 0 7 1 7 23 3 1 1 10 2 7 3 0 5 68 1 5 6 0 2 5 3 1 4 12 4 1 6 1 18 3 3 2 4 1 21 15 9 5 7 4 2 4 13 9 2 2 1 6 4 2 16 2 2 0 2 3 8 9 6 4 4 1 5 5 5 2 1 4 3 7 4 3 0 6 7 5 0 1 5 5 0 0 8 1 2 4 13 3 3 4 4 12 1 7 0 1 13 0 1 0 31 28 2 3 0 1 13 1 2 3 0 0 0 1 7 0 13 2 2 10 3 1 0 15 5 1 5 11 2 14 3 2 5 7 5 0 9 3 1 3 6 0 9 0 1 1 11 3 1 1 5 14 7 1 5 0 5 4 2 10 20 26 7 3 24 17 12 0 0 0 2 8 14 1 6 2 2 5 5 10 6 1 2 21 8 1 1 2 1 2 14 3 5 45 0 9 1 7 7 2 11 8 4 8 4 1 21 1 3 5 1 4 7 9 2 10 2 4 1 1 10 3 3 1 11 6 1 13 2 2 2 7 5 4 6 3 3 4 5 3 3 4 2 11 4 2 6 2 11 3 0 3 5 0 5 11 1 9 5 5 4 2 3 5 5 2 0 7 3 0 13 8 1 4 4 0 3 5 3 3 1 5 28 0 4 2 5 6 10 3 2 22 0 9 5 1 10 3 15 2 1 4 4 0 3 12 5 3 0 2 0 0 0 6 4 2 2 0 3 3 2 10 5 5 2 7 10 2 6 2 3 0 9 5 3 6 1 7 3 0 2 2 5 0 0 1 2 10 6 2 13 3 2 2 3 7 9 3 0 12 1 0 9 4 0 8 3 3 2 2 2 10 3 12 29 7 21 1 0 8 5 5 30 1 2 3 11 3 1 5 28 0 0 3 2 3 0 6 6 10 3 3 8 1 60 0 10 2 1 2 5 1 3 5 4 5 2 6 6 6 2 4 0 1 5 1 1 5 2 21 8 2 3 8 14 13 4 4 3 5 8 5 3 2 3 1 8 3 1 7 6 2 0 12 4 5 7 2 3 5 2 3 7 2 3 1 2 9 22 2 2 2 4 2 20 17 5 4 2 0 8 1 1 1 2 2 4 4 0 3 4 5 2 4 1 9 2 0 2 1 4 1 5 7 5 2 7 5 1 7 10 4 6 0 3 4 2 9 2 5 1 0 1 19 12 29 2 6 0 4 2 6 6 9 0 8 9 14 1 8 10 3 2 0 9 1 1 1 1 5 6 4 2 6 4 6 4 6 0 4 8 5 6 2 1 5 3 1 1 11 2 7 6 5 4 1 0 1 3 11 0 1 6 2 9 6 5 1 2 7 1 0 1 4 7 2 2 0 0 2 5 8 3 4 1 6 0 4 0 2 3 2 0 0 11 3 8 8 11 2 1 7 1 4 2 2 0 2 3 6 1 4 0 16 3 0 7 5 3 6 2 6 3 6 10 8 15 2 0 2 1 7 2 10 6 8 8 4 1 8 1 7 3 3 7 2 11 13 4 1 0 2 9 1 1 10 7 0 6 5 4 6 6 30 1 2 24 5 1 1 8 0 1 1 2 2 3 9 4 15 2 27 7 0 0 1 5 1 1 7 0 2 3 17 1 5 4 11 0 3 0 2 3 4 6 0 2 13 5 3 6 2 0 0 16 5 5 1 5 2 9 7 3 6 5 9 11 0 1 5 3 2 5 3 2 2 2 0 1 5 3 2 2 3 0 2 1 1 3 4 1 9 3 1 3 1 2 2 4 1 23 3 2 0 1 0 16 3 0 9 5 2 1 1 1 4 2 3 0 4 8 6 7 3 1 0 4 10 0 4 2 1 1 5 14 3 5 8 16 0 2 19 7 10 2 0 2 4 1 5 2 1 1 0 4 7 15 7 3 3 1 11 3 15 3 4 1 3 10 3 3 0 12 6 1 1 8 1 4 1 6 11 7 4 16 7 10 4 5 0 0 3 1 0 1 6 0 2 4 0 4 1 5 5 11 7 8 0 0 2 2 3 3 3 3 11 5 2 4 4 3 0 0 6 2 0 4 2 18 1 8 4 2 5 2 27 3 24 2 5 1 4 5 7 9 1 1 9 2 3 1 4 1 1 3 4 8 8 3 1 2 10 0 3 0 3 1 4 7 1 1 6 9 17 1 2 7 2 5 1 2 1 0 5 3 2 9 6 3 15 13 4 3 3 0 7 1 1 0 0 8 13 3 0 3 0 0 3 4 1 34 3 5 1 25 15 4 1 3 14 6 1 14 3 1 1 2 3 6 8 11 11 1 1 0 6 2 23 2 1 1 6 8 7 4 8 4 2 2 0 1 3 12 1 1 2 30 3 12 6 9 5 6 13 4 18 2 4 1 3 6 1 0 5 11 1 5 19 2 10 2 5 8 3 9 5 10 15 21 6 9 9 1 6 0 6 16 2 2 4 2 1 18 10 4 13 0 0 8 28 2 3 14 12 6 1 3 9 5 7 6 3 0 3 0 3 0 0 4 0 3 4 1 5 0 6 3 11 36 3 0 2 1 0 2 2 6 3 6 7 1 11 3 5 12 2 2 4 3 1 0 6 1 10 31 1 6 2 6 6 9 8 11 8 3 9 2 13 32 1 9 4 4 1 0 5 0 2 3 7 3 4 24 3 5 0 1 1 1 10 2 6 10 14 0 6 6 3 1 3 4 3 12 9 5 1 1 0 3 10 5 3 0 5 2 1 3 4 3 1 11 5 2 0 16 1 7 3 0 7 6 6 3 5 0 9 0 0 3 2 3 5 9 6 1 6 2 5 19 2 0 4 5 12 17 7 4 2 0 7 2 6 4 0 2 7 1 1 3 2 1 6 1 2 21 4 16 2 5 1 26 11 0 3 0 9 3 4 9 1 3 4 16 2 12 2 3 2 22 3 5 0 8 19 17 3 0 0 10 4 18 3 12 22 16 13 15 22 12 12 9 10 47 15 16 10 10 9 9 5 9 52 42 13 7 5 4 8 10 10 6 8 7 6 9 2 31 4 20 9 3 6 3 0 4 27 29 26 29 4 1 5 5 3 27 28 7 5 5 4 20 6 5 3 8 24 2 2 5 4 19 21 4 17 25 17 16 2 20 10 16 6 18 10 6 8 4 6 18 21 2 20 12 3 5 1 12 17 1 6 10 3 1 9 15 3 6 14 12 18 1 2 3 4 14 3 18 1 0 13 12 3 17 10 2 15 14 12 11 15 1 16 3 11 2 13 11 13 2 16 4 1 5 6 17 12 10 14 13 10 8 14 8 8 13 10 8 13 13 12 8 15 3 4 0 12 2 10 12 2 11 6 7 6 10 12 11 8 11 7 4 2 8 2 7 0 1 8 1 9 4 17 8 0 1 0 4 1 7 2 11 16 6 3 7 6 5 0 11 4 9 4 0 7 3 9 13 8 6 15 9 7 11 8 11 7 5 14 0 14 6 11 2 2 8 5 10 8 12 6 7 9 0 7 4 0 6 1 8 1 6 7 9 5 5 0 7 4 8 5 8 11 5 4 9 7 5 7 1 4 4 10 8 5 5 5 4 4 6 6 0 2 5 7 3 7 1 2 4 1 3 0 3 1 8 10 5 6 6 5 5 12 3 6 2 1 5 5 4 7 8 2 8 6 3 5 5 6 7 8 2 4 7 5 3 6 0 3 7 1 4 7 4 6 3 5 8 7 4 1 5 1 10 8 2 1 5 7 9 4 7 4 8 4 0 2 7 7 5 5 3 7 1 5 3 3 9 6 5 4 9 4 8 2 5 8 5 5 1 3 3 4 2 7 1 3 3 3 8 5 4 3 5 2 4 1 3 3 2 2 7 3 4 3 4 4 2 5 4 5 8 6 9 1 4 1 6 2 4 4 3 1 4 7 3 6 4 7 4 3 5 4 4 5 4 2 6 8 7 0 3 4 4 3 4 4 4 5 8 6 2 4 2 1 3 5 4 3 6 6 4 4 0 3 6 3 4 5 4 1 1 4 5 1 4 0 1 2 1 0 2 6 4 6 6 8 6 3 4 1 3 1 2 3 3 0 5 2 2 2 7 4 4 2 4 3 7 3 5 5 3 3 0 0 3 3 4 3 2 3 4 2 2 3 1 1 3 6 5 2 3 4 1 4 7 3 0 2 5 4 6 4 2 1 1 1 2 2 1 6 1 3 3 3 3 3 3 2 2 1 3 4 3 2 2 0 2 2 5 2 5 2 4 2 1 4 2 1 2 4 3 0 2 4 4 1 0 2 4 1 1 0 3 1 3 1 1 2 2 0 3 4 2 5 2 2 1 3 3 5 0 3 0 1 3 4 2 0 4 2 4 4 2 4 1 0 2 1 2 1 3 2 2 6 1 0 3 3 2 2 2 3 0 1 3 2 2 3 1 2 3 3 1 0 0 2 3 2 3 1 3 1 2 1 3 2 1 5 3 3 4 0 4 3 3 3 3 4 3 2 1 2 3 1 1 2 3 2 2 2 3 1 2 2 3 0 1 0 2 1 2 2 2 2 2 1 1 1 1 1 0 2 1 1 1 1 0 0 2 2 1 2 2 3 3 5 2 0 4 4 3 1 1 0 2 2 4 5 0 1 2 2 0 3 4 2 3 2 3 0 1 3 1 2 2 1 1 0 1 3 0 2 1 3 1 4 3 0 2 0 3 3 1 1 3 0 0 0 3 1 1 1 0 2 2 0 2 0 2 2 1 0 1 2 1 1 0 3 0 2 0 1 4 2 0 4 1 1 0 1 0 2 2 1 0 1 4 1 1 2 0 1 3 0 1 1 3 1 0 1 2 1 1 0 1 0 2 1 1 0 0 0 0 3 1 1 2 1 1 3 2 1 1 0 1 0 1 0 1 1 1 0 1 1 1 1 0 1 1 1 1 0 0 0 2 2 0 0 3 1 1 0 1 3 0 1 0 1 1 2 0 0 1 1 1 1 1 1 1 0 0 1 1 0 2 2 3 1 2 0 0 1 1 0 1 1 1 2 0 0 0 0 1 1 1 2 0 1 0 0 1 1 0 0 2 1 0 2 0 1 2 0 2 0 0 0 0 3 1 1 1 0 0 1 0 0 1 0 2 0 0 0 1 0 0 0 0 0 0 0 1 1 1 0 1 0 0 1 1 1 0 0 1 1 0 0 0 1 0 1 0 1 0 1 0 0 0 0 1 0 0 0 
after slide 17988 / 20610
slide2 pic remains 13598
68 63 60 52 52 47 46 45 45 42 40 38 36 35 34 33 32 31 31 31 31 30 30 30 30 29 29 29 29 28 28 28 28 28 28 27 27 27 27 27 26 26 26 26 26 25 25 25 24 24 24 24 24 23 23 23 23 22 22 22 22 22 22 22 21 21 21 21 21 21 21 21 21 21 20 20 20 20 20 20 20 20 20 19 19 19 19 19 19 19 18 18 18 18 18 18 
after slide 20610 / 20610
After bootstrap :20610
Test current model
***********************************
The minLeaf at this stage is 273
Iter 30: nPos=6897, nNeg=20387, The FAR of this tree is 83.5274%
This DQT contains 41 nodes
FAR at 30 stage is 0.000458986%
25000 0.2 17215
***********************************
The minLeaf at this stage is 238
Iter 31: nPos=6787, nNeg=17029, The FAR of this tree is 76.4914%
This DQT contains 41 nodes
FAR at 31 stage is 0.000351085%
25000 0.2 13168
***********************************
The minLeaf at this stage is 199
Iter 32: nPos=6683, nNeg=13168, The FAR of this tree is 68.4007%
This DQT contains 34 nodes
FAR at 32 stage is 0.000240144%
25000 0.2 9007
***********************************
The minLeaf at this stage is 156
Iter 33: nPos=6577, nNeg=9007, The FAR of this tree is 84.5676%
This DQT contains 38 nodes
FAR at 33 stage is 0.000203084%
25000 0.2 7617
***********************************
The minLeaf at this stage is 141
Iter 34: nPos=6523, nNeg=7617, The FAR of this tree is 77.4846%
This DQT contains 38 nodes
FAR at 34 stage is 0.000157359%
25000 0.2 5902
***********************************
The minLeaf at this stage is 123
Iter 35: nPos=6443, nNeg=5902, The FAR of this tree is 70.3999%
This DQT contains 39 nodes
FAR at 35 stage is 0.000110781%
25000 0.2 4155


No enough negative samples. The AdaBoost learning terminates at iteration 35. nNegPass = 4155.
The adaboost training is finished at inner cycle.
Weak classifier 36 FAR: 1.10781e-06
Bootstrap negtive samples
gird pic remains 5050
Not enought GridNums

after gird 4155 / 20845
slide pic remains 13598
not enough slide pictures

after slide 4155 / 20845
slide2 pic remains 13598
not enough slide pictures

after slide 4155 / 20845
not engouh neg samples, add 16690 black images
After bootstrap :20845
Test current model
Warning: some negative samples cannot pass all stages, pass rate is 0.199328
***********************************
The minLeaf at this stage is 107
Iter 36: nPos=6535, nNeg=4155, The FAR of this tree is 85.5355%
This DQT contains 34 nodes
FAR at 36 stage is 9.47567e-05%


The training is converged at iteration 36. FAR = 0.00%
The adaboost training is finished at inner cycle.
Weak classifier 37 FAR: 9.47567e-07


The detector training is finished.
