Prepare postive samples
The picture has been already enough done
The number of postvie samples is 10000
Prepare negtive samples
The picture has been already enough done
The number of negtive samples is 10000
Prepare bootstrap samples
The picture has been already enough done
The number of bootstrapImage samples is 25000
After bootstrap :10000
***********************************
Before trim the num of posIndex is 10000
Before trim the num of negIndex is 10000
The minLeaf at this stage is 200
Iter 0: nPos=10000, nNeg=10000, -0.999213 -0.509158 -0.220183 -0.044335 -0.0372493 -0.0372493 -0.021645 0.227723 0.28 0.67 0.67 0.7 0.7 0.72 0.83 0.83 0.9 0.9 0.92 0.92 0.934247 0.934247 0.934247 0.998013 0.998013 0.998013 0.998013 0.998013 0.998013 0.998013 0.998013 0.998013 0.998013 0.998013 0.998013 0.998013 0.998013 0.998013 0.998013 0.998013 0.998013 0.998013 0.998013 0.998013 0.998013 0.998013 0.998013 0.998013 0.998013 0.998013 0.998013 0.998013 0.998013 0.998013 0.998013 0.998013 0.998013 0.998013 0.998013 0.998013 0.998013 0.998013 0.998013 0.998013 0.998013 0.998013 0.998013 0.998013 0.998013 0.998013 0.998013 0.998013 0.998013 0.998013 0.998013 0.998013 0.998013 0.998013 0.998013 0.998013 0.998013 0.998013 0.998013 0.998013 0.998013 0.998013 0.998013 0.998013 0.998013 0.998013 0.998013 0.998013 0.998013 0.998013 1 1 1 1 1 1 
The FAR of this tree is 0.9396
This DQT contains 23 nodes
FAR at 0 stage is 93.96%
***********************************
Before trim the num of posIndex is 10000
Before trim the num of negIndex is 9396
The minLeaf at this stage is 194
Iter 1: nPos=10000, nNeg=9396, -1.99393 -0.554191 -0.108649 0.11631 0.312866 0.487086 0.597874 0.665992 0.784775 0.951909 0.958995 1.00565 1.04201 1.18586 1.23572 1.27624 1.41572 1.51373 1.52202 1.59609 1.64429 1.69624 1.69829 1.74202 1.7763 1.80555 1.8123 1.82202 1.82624 1.87776 1.89776 1.93049 1.93049 1.97577 1.97776 1.99426 1.99426 1.99426 1.99426 1.99426 1.99426 1.99426 1.99426 1.99426 1.99426 1.99426 1.99426 1.99426 1.99426 1.99426 1.99426 1.99426 1.99426 1.99426 1.99426 1.99426 1.99426 1.99426 1.99426 1.99426 1.99426 1.99426 1.99426 1.99426 1.99426 1.99426 1.99426 1.99426 1.99426 1.99426 1.99426 1.99426 1.99426 1.99426 1.99426 1.99426 1.99426 1.99426 1.99426 1.99426 1.99426 1.99426 1.99426 1.99426 1.99426 1.99426 1.99426 1.99426 1.99426 1.99426 1.99426 1.99426 1.99426 1.99426 1.99426 1.99426 1.99624 1.99624 1.99801 1.99801 
The FAR of this tree is 0.23659
This DQT contains 20 nodes
FAR at 1 stage is 22.23%
***********************************
Before trim the num of posIndex is 10000
Before trim the num of negIndex is 2223
The minLeaf at this stage is 120
Iter 2: nPos=10000, nNeg=1950, -2.93279 -0.592011 -0.0721063 0.278933 0.574866 0.786467 0.949319 1.05539 1.12021 1.25013 1.36143 1.44642 1.48709 1.59122 1.64143 1.74344 1.81672 1.94914 1.96227 2.01766 2.04503 2.11473 2.20565 2.22772 2.28288 2.29808 2.44081 2.51097 2.52092 2.59333 2.59609 2.69348 2.71624 2.77353 2.78153 2.80954 2.82202 2.82624 2.91348 2.92773 2.93148 2.97776 2.99149 2.99149 2.99149 2.99149 2.99149 2.99149 2.99149 2.99149 2.99149 2.99149 2.99149 2.99149 2.99149 2.99149 2.99149 2.99149 2.99149 2.99149 2.99149 2.99149 2.99149 2.99149 2.99149 2.99149 2.99149 2.99149 2.99149 2.99149 2.99149 2.99149 2.99149 2.99149 2.99149 2.99149 2.99149 2.99149 2.99149 2.99149 2.99149 2.99149 2.99149 2.99149 2.99149 2.99149 2.99149 2.99149 2.99149 2.99348 2.99426 2.99426 2.99426 2.99426 2.99426 2.99426 2.99426 2.99426 2.99525 2.99525 
The FAR of this tree is 1
This DQT contains 22 nodes
FAR at 2 stage is 22.23%
***********************************
Before trim the num of posIndex is 10000
Before trim the num of negIndex is 2223
The minLeaf at this stage is 119
Iter 3: nPos=10000, nNeg=1855, -3.83948 -1.00196 -0.267477 0.197313 0.581027 0.84932 1.05917 1.27895 1.46264 1.63435 1.78678 1.89654 2.00461 2.06114 2.12616 2.21911 2.30592 2.40242 2.48033 2.51713 2.56641 2.6365 2.69036 2.79572 2.94892 2.97183 3.01766 3.08234 3.17958 3.21236 3.22369 3.27392 3.33897 3.43992 3.44268 3.51097 3.52092 3.57193 3.59333 3.69499 3.73152 3.7763 3.80954 3.82348 3.88832 3.92773 3.92921 3.93148 3.99149 3.99149 3.99149 3.99149 3.99149 3.99149 3.99149 3.99149 3.99149 3.99149 3.99149 3.99149 3.99149 3.99149 3.99149 3.99149 3.99149 3.99149 3.99149 3.99149 3.99149 3.99149 3.99149 3.99149 3.99149 3.99149 3.99149 3.99149 3.99149 3.99149 3.99149 3.99149 3.99149 3.99149 3.99149 3.99149 3.99149 3.99149 3.99149 3.99149 3.99149 3.99149 3.99149 3.99348 3.99426 3.99426 3.99426 3.99426 3.99426 3.99426 3.99426 3.99525 
The FAR of this tree is 1
This DQT contains 22 nodes
FAR at 3 stage is 22.23%
***********************************
Before trim the num of posIndex is 10000
Before trim the num of negIndex is 2223
The minLeaf at this stage is 118
Iter 4: nPos=10000, nNeg=1784, -4.31207 -1.1788 -0.239051 0.268889 0.619367 1.04253 1.29396 1.50149 1.69022 1.90834 2.06653 2.22499 2.36792 2.51832 2.67702 2.81128 2.91183 3.02297 3.0848 3.15796 3.24846 3.3594 3.41615 3.48033 3.52188 3.59122 3.65888 3.76044 3.84328 3.95485 4.01766 4.06123 4.15294 4.21236 4.21876 4.24319 4.29789 4.41024 4.4419 4.51926 4.54607 4.5929 4.59333 4.69499 4.77353 4.80754 4.82004 4.82624 4.89776 4.92921 4.97301 4.99149 4.99149 4.99149 4.99149 4.99149 4.99149 4.99149 4.99149 4.99149 4.99149 4.99149 4.99149 4.99149 4.99149 4.99149 4.99149 4.99149 4.99149 4.99149 4.99149 4.99149 4.99149 4.99149 4.99149 4.99149 4.99149 4.99149 4.99149 4.99149 4.99149 4.99149 4.99149 4.99149 4.99149 4.99149 4.99149 4.99149 4.99149 4.99149 4.99149 4.99149 4.99426 4.99426 4.99426 4.99426 4.99426 4.99426 4.99426 4.99525 
The FAR of this tree is 0.778677
This DQT contains 25 nodes
FAR at 4 stage is 17.31%


No enough negative samples. The AdaBoost learning terminates at iteration 4. nNegPass = 1731.
The adaboost training is finished at inner cycle.
Weak classifier 5 FAR: 0.1731
Bootstrap negtive samples
Done
After bootstrap :10000
Test current model
Warning: some positive samples cannot pass all stages. pass rate is 0.9999
Warning: some negative samples cannot pass all stages, pass rate is 0.5456
***********************************
Before trim the num of posIndex is 9999
Before trim the num of negIndex is 5456
The minLeaf at this stage is 100
Iter 5: nPos=1962, nNeg=2441, -3.35746 -0.257744 0.565257 1.0591 1.37912 1.70844 2.03539 2.26671 2.45378 2.65921 2.82779 2.95403 3.11008 3.23745 3.37806 3.51559 3.6183 3.74055 3.82376 3.91464 3.99209 4.04663 4.13656 4.20154 4.29063 4.36141 4.41867 4.47174 4.54058 4.60493 4.68679 4.70859 4.77238 4.84882 4.92921 4.99094 5.03695 5.09652 5.12632 5.12632 5.12632 5.12632 5.12908 5.15563 5.17133 5.20056 5.2525 5.36526 5.42555 5.47553 5.52655 5.54993 5.64809 5.70831 5.72205 5.7574 5.77008 5.77008 5.77008 5.77189 5.77647 5.84294 5.88382 5.93237 5.94611 5.94611 5.94611 5.94611 5.94611 5.94611 5.94611 5.94611 5.94611 5.94611 5.94611 5.94611 5.94611 5.94611 5.94611 5.94611 5.94611 5.94611 5.94611 5.94611 5.94611 5.94611 5.94611 5.94611 5.94611 5.94611 5.94611 5.94611 5.94611 5.94611 5.94887 5.94887 5.94887 5.94887 5.94887 5.94986 
The FAR of this tree is 0.857405
This DQT contains 16 nodes
FAR at 5 stage is 14.8417%
***********************************
Before trim the num of posIndex is 9999
Before trim the num of negIndex is 4678
The minLeaf at this stage is 100
Iter 6: nPos=2235, nNeg=3463, -2.38108 0.478029 1.18592 1.66758 2.00461 2.29837 2.54741 2.80479 3.01122 3.21842 3.38939 3.52082 3.66503 3.79398 3.9472 4.06501 4.16912 4.26293 4.3659 4.45827 4.56447 4.63782 4.73523 4.81243 4.88844 4.95496 5.01329 5.02292 5.05955 5.13401 5.19319 5.27936 5.33779 5.35851 5.41133 5.46701 5.52222 5.60748 5.68497 5.71798 5.76706 5.83351 5.90559 5.92338 5.9349 5.96838 5.99685 6.05755 6.1027 6.1027 6.11394 6.13342 6.15895 6.17011 6.17288 6.22279 6.22556 6.302 6.302 6.345 6.41515 6.50292 6.54191 6.5645 6.57515 6.68031 6.71078 6.73962 6.73962 6.74316 6.74316 6.74316 6.74316 6.74316 6.74316 6.74316 6.74593 6.74646 6.74646 6.74922 6.76921 6.85634 6.86148 6.92248 6.92248 6.92248 6.92248 6.92248 6.92248 6.92248 6.92248 6.92248 6.92248 6.92248 6.92248 6.92525 6.92525 6.92724 6.94248 6.94248 
The FAR of this tree is 0.283241
This DQT contains 23 nodes
FAR at 6 stage is 4.20377%


No enough negative samples. The AdaBoost learning terminates at iteration 6. nNegPass = 1325.
The adaboost training is finished at inner cycle.
Weak classifier 7 FAR: 0.0420377
Bootstrap negtive samples
Done
After bootstrap :10000
Test current model
Warning: some positive samples cannot pass all stages. pass rate is 0.9998
Warning: some negative samples cannot pass all stages, pass rate is 0.4536
***********************************
Before trim the num of posIndex is 9998
Before trim the num of negIndex is 4536
The minLeaf at this stage is 100
Iter 7: nPos=2524, nNeg=1189, -1.19461 1.34564 2.10986 2.54636 2.92691 3.17752 3.38963 3.64598 3.87374 4.10236 4.24761 4.40734 4.54285 4.67977 4.79452 4.91196 5.03077 5.12959 5.21611 5.30242 5.38935 5.47667 5.55888 5.6427 5.71971 5.79487 5.84644 5.91513 5.97162 6.02014 6.04675 6.09631 6.1636 6.24599 6.31392 6.34755 6.39329 6.44534 6.48667 6.51944 6.58709 6.64934 6.67997 6.70873 6.76578 6.8219 6.88444 6.9206 6.93212 6.97063 7.00814 7.06032 7.09992 7.09992 7.11585 7.14493 7.16734 7.16734 7.1922 7.22278 7.28009 7.29923 7.34237 7.3758 7.44914 7.48979 7.54708 7.56436 7.61366 7.63666 7.66057 7.69565 7.73685 7.73685 7.74039 7.74039 7.74039 7.74039 7.74039 7.74315 7.74368 7.74368 7.74747 7.80968 7.83268 7.85594 7.91971 7.91971 7.91971 7.91971 7.91971 7.91971 7.91971 7.91971 7.91971 7.91971 7.92247 7.92247 7.9397 7.9397 
The FAR of this tree is 0.844797
This DQT contains 11 nodes
FAR at 7 stage is 3.55133%
***********************************
Before trim the num of posIndex is 9998
Before trim the num of negIndex is 3832
The minLeaf at this stage is 100
Iter 8: nPos=2633, nNeg=2374, -0.248672 2.26129 2.89445 3.36304 3.70669 3.97794 4.21333 4.43081 4.65754 4.8536 5.0669 5.21152 5.35679 5.48911 5.60974 5.71219 5.81269 5.93813 6.02942 6.11697 6.20479 6.29148 6.38088 6.46366 6.53087 6.61307 6.69283 6.76027 6.81477 6.86967 6.92944 6.96608 6.99995 7.05753 7.12492 7.19779 7.25701 7.29349 7.33825 7.38725 7.42814 7.44881 7.51769 7.57593 7.61438 7.64906 7.69723 7.75952 7.82056 7.86576 7.87294 7.91007 7.93725 7.98949 8.04586 8.04586 8.0598 8.092 8.10899 8.11328 8.11734 8.16596 8.21221 8.24516 8.28462 8.31496 8.38241 8.42142 8.46748 8.50676 8.53759 8.5793 8.60374 8.64159 8.68279 8.68279 8.68632 8.68632 8.68632 8.68632 8.68632 8.68909 8.68962 8.69225 8.73563 8.76524 8.80188 8.86565 8.86565 8.86565 8.86565 8.86565 8.86565 8.86565 8.86565 8.86565 8.86763 8.86841 8.88564 8.88564 
The FAR of this tree is 0.609081
This DQT contains 15 nodes
FAR at 8 stage is 2.16305%
***********************************
Before trim the num of posIndex is 9998
Before trim the num of negIndex is 2334
The minLeaf at this stage is 100
Iter 9: nPos=2622, nNeg=1973, 0.642491 2.92622 3.56741 3.95504 4.2976 4.59106 4.87705 5.07605 5.25718 5.47202 5.64193 5.80869 5.96305 6.09331 6.24027 6.34212 6.46744 6.56505 6.66084 6.76453 6.8732 6.96279 7.04816 7.12477 7.19993 7.27651 7.34816 7.40415 7.48083 7.54398 7.61896 7.68253 7.73843 7.78938 7.84572 7.86641 7.91631 7.97849 8.02985 8.09268 8.14798 8.18037 8.22521 8.2726 8.31648 8.33997 8.40556 8.45287 8.50333 8.53291 8.57494 8.62701 8.67322 8.72547 8.75488 8.76146 8.80463 8.82342 8.87474 8.92917 8.93702 8.93979 8.9603 8.98672 9.00444 9.0085 9.05712 9.10902 9.13633 9.17947 9.24409 9.28999 9.34001 9.39173 9.42876 9.46618 9.48375 9.5185 9.57395 9.57395 9.57749 9.57749 9.57749 9.57749 9.58025 9.58078 9.58354 9.64979 9.69066 9.73011 9.75681 9.75681 9.75681 9.75681 9.75681 9.75681 9.75681 9.75957 9.76056 9.7768 
The FAR of this tree is 0.229649
This DQT contains 16 nodes
FAR at 9 stage is 0.496741%


No enough negative samples. The AdaBoost learning terminates at iteration 9. nNegPass = 536.
The adaboost training is finished at inner cycle.
Weak classifier 10 FAR: 0.00496741
Bootstrap negtive samples
not enough images for bootstrap
Done
After bootstrap :8592
Test current model
Warning: some positive samples cannot pass all stages. pass rate is 0.9998
Warning: some negative samples cannot pass all stages, pass rate is 0.1907
***********************************
Before trim the num of posIndex is 9998
Before trim the num of negIndex is 1907
The minLeaf at this stage is 100
Iter 10: nPos=2572, nNeg=1296, 1.60529 3.80392 4.36272 4.74479 5.10867 5.39472 5.63765 5.89548 6.07664 6.26115 6.44589 6.62648 6.77467 6.91542 7.02665 7.15707 7.26908 7.37298 7.46993 7.57354 7.65756 7.76862 7.85573 7.92551 7.99915 8.05607 8.13652 8.20207 8.2671 8.33029 8.38997 8.4603 8.51307 8.57749 8.63055 8.68119 8.73985 8.79067 8.82905 8.87778 8.93411 8.98516 9.0403 9.09675 9.1376 9.17871 9.22539 9.2747 9.29923 9.34303 9.39844 9.44642 9.48209 9.51765 9.56418 9.60744 9.6581 9.69995 9.7205 9.74577 9.76743 9.78825 9.84284 9.88287 9.89982 9.91289 9.93721 9.95193 9.96723 9.97514 10.026 10.0893 10.107 10.145 10.1889 10.2528 10.3072 10.3607 10.4077 10.4333 10.4772 10.5076 10.5367 10.5403 10.5403 10.5403 10.543 10.544 10.5516 10.6126 10.6562 10.6836 10.7196 10.7196 10.7196 10.7196 10.7196 10.7224 10.7275 10.7396 
The FAR of this tree is 0.54064
This DQT contains 12 nodes
FAR at 10 stage is 0.268558%


No enough negative samples. The AdaBoost learning terminates at iteration 10. nNegPass = 1031.
The adaboost training is finished at inner cycle.
Weak classifier 11 FAR: 0.00268558


The detector training is finished.
